# JRE version: OpenJDK Runtime Environment (17.0.15+6) (build 17.0.15+6-Ubuntu-0ubuntu124.04)
# Java VM: OpenJDK 64-Bit Server VM (17.0.15+6-Ubuntu-0ubuntu124.04, mixed mode, sharing, tiered, compressed oops, compressed class ptrs, g1 gc, linux-amd64)
GC Precious Log:
 CPUs: 16 total, 16 available
 Memory: 7570M
 Large Page Support: Disabled
 NUMA Support: Disabled
 Compressed Oops: Enabled (32-bit)
 Heap Region Size: 1M
 Heap Min Capacity: 8M
 Heap Initial Capacity: 120M
 Heap Max Capacity: 1G
 Pre-touch: Disabled
 Parallel Workers: 13
 Concurrent Workers: 3
 Concurrent Refinement Workers: 13
 Periodic GC: Disabled
Heap:
 garbage-first heap   total 273408K, used 101157K [0x00000000c0000000, 0x0000000100000000)
  region size 1024K, 24 young (24576K), 1 survivors (1024K)
 Metaspace       used 10318K, committed 10496K, reserved 1114112K
  class space    used 1501K, committed 1600K, reserved 1048576K
GC Heap History (20 events):
Event: 8905.354 GC heap before
{Heap before GC invocations=189 (full 13):
 garbage-first heap   total 273408K, used 240401K [0x00000000c0000000, 0x0000000100000000)
  region size 1024K, 159 young (162816K), 1 survivors (1024K)
 Metaspace       used 10316K, committed 10496K, reserved 1114112K
  class space    used 1501K, committed 1600K, reserved 1048576K
}
Event: 8905.355 GC heap after
{Heap after GC invocations=190 (full 13):
 garbage-first heap   total 273408K, used 78597K [0x00000000c0000000, 0x0000000100000000)
  region size 1024K, 1 young (1024K), 1 survivors (1024K)
 Metaspace       used 10316K, committed 10496K, reserved 1114112K
  class space    used 1501K, committed 1600K, reserved 1048576K
}
Event: 8905.702 GC heap before
{Heap before GC invocations=190 (full 13):
 garbage-first heap   total 273408K, used 240389K [0x00000000c0000000, 0x0000000100000000)
  region size 1024K, 159 young (162816K), 1 survivors (1024K)
 Metaspace       used 10316K, committed 10496K, reserved 1114112K
  class space    used 1501K, committed 1600K, reserved 1048576K
}
Event: 8905.704 GC heap after
{Heap after GC invocations=191 (full 13):
 garbage-first heap   total 273408K, used 78675K [0x00000000c0000000, 0x0000000100000000)
  region size 1024K, 1 young (1024K), 1 survivors (1024K)
 Metaspace       used 10316K, committed 10496K, reserved 1114112K
  class space    used 1501K, committed 1600K, reserved 1048576K
}
Event: 8906.061 GC heap before
{Heap before GC invocations=191 (full 13):
 garbage-first heap   total 273408K, used 240467K [0x00000000c0000000, 0x0000000100000000)
  region size 1024K, 159 young (162816K), 1 survivors (1024K)
 Metaspace       used 10316K, committed 10496K, reserved 1114112K
  class space    used 1501K, committed 1600K, reserved 1048576K
}
Event: 8906.062 GC heap after
{Heap after GC invocations=192 (full 13):
 garbage-first heap   total 273408K, used 78658K [0x00000000c0000000, 0x0000000100000000)
  region size 1024K, 1 young (1024K), 1 survivors (1024K)
 Metaspace       used 10316K, committed 10496K, reserved 1114112K
  class space    used 1501K, committed 1600K, reserved 1048576K
}
Event: 8906.417 GC heap before
{Heap before GC invocations=192 (full 13):
 garbage-first heap   total 273408K, used 240450K [0x00000000c0000000, 0x0000000100000000)
  region size 1024K, 159 young (162816K), 1 survivors (1024K)
 Metaspace       used 10316K, committed 10496K, reserved 1114112K
  class space    used 1501K, committed 1600K, reserved 1048576K
}
Event: 8906.418 GC heap after
{Heap after GC invocations=193 (full 13):
 garbage-first heap   total 273408K, used 78613K [0x00000000c0000000, 0x0000000100000000)
  region size 1024K, 1 young (1024K), 1 survivors (1024K)
 Metaspace       used 10316K, committed 10496K, reserved 1114112K
  class space    used 1501K, committed 1600K, reserved 1048576K
}
Event: 8906.774 GC heap before
{Heap before GC invocations=193 (full 13):
 garbage-first heap   total 273408K, used 240405K [0x00000000c0000000, 0x0000000100000000)
  region size 1024K, 159 young (162816K), 1 survivors (1024K)
 Metaspace       used 10316K, committed 10496K, reserved 1114112K
  class space    used 1501K, committed 1600K, reserved 1048576K
}
Event: 8906.776 GC heap after
{Heap after GC invocations=194 (full 13):
 garbage-first heap   total 273408K, used 78622K [0x00000000c0000000, 0x0000000100000000)
  region size 1024K, 1 young (1024K), 1 survivors (1024K)
 Metaspace       used 10316K, committed 10496K, reserved 1114112K
  class space    used 1501K, committed 1600K, reserved 1048576K
}
Event: 8907.133 GC heap before
{Heap before GC invocations=194 (full 13):
 garbage-first heap   total 273408K, used 239390K [0x00000000c0000000, 0x0000000100000000)
  region size 1024K, 158 young (161792K), 1 survivors (1024K)
 Metaspace       used 10316K, committed 10496K, reserved 1114112K
  class space    used 1501K, committed 1600K, reserved 1048576K
}
Event: 8907.134 GC heap after
{Heap after GC invocations=195 (full 13):
 garbage-first heap   total 273408K, used 78594K [0x00000000c0000000, 0x0000000100000000)
  region size 1024K, 1 young (1024K), 1 survivors (1024K)
 Metaspace       used 10316K, committed 10496K, reserved 1114112K
  class space    used 1501K, committed 1600K, reserved 1048576K
}
Event: 8907.479 GC heap before
{Heap before GC invocations=195 (full 13):
 garbage-first heap   total 273408K, used 239362K [0x00000000c0000000, 0x0000000100000000)
  region size 1024K, 158 young (161792K), 1 survivors (1024K)
 Metaspace       used 10316K, committed 10496K, reserved 1114112K
  class space    used 1501K, committed 1600K, reserved 1048576K
}
Event: 8907.480 GC heap after
{Heap after GC invocations=196 (full 13):
 garbage-first heap   total 273408K, used 78589K [0x00000000c0000000, 0x0000000100000000)
  region size 1024K, 1 young (1024K), 1 survivors (1024K)
 Metaspace       used 10316K, committed 10496K, reserved 1114112K
  class space    used 1501K, committed 1600K, reserved 1048576K
}
Event: 8907.845 GC heap before
{Heap before GC invocations=196 (full 13):
 garbage-first heap   total 273408K, used 239357K [0x00000000c0000000, 0x0000000100000000)
  region size 1024K, 158 young (161792K), 1 survivors (1024K)
 Metaspace       used 10316K, committed 10496K, reserved 1114112K
  class space    used 1501K, committed 1600K, reserved 1048576K
}
Event: 8907.846 GC heap after
{Heap after GC invocations=197 (full 13):
 garbage-first heap   total 273408K, used 78607K [0x00000000c0000000, 0x0000000100000000)
  region size 1024K, 1 young (1024K), 1 survivors (1024K)
 Metaspace       used 10316K, committed 10496K, reserved 1114112K
  class space    used 1501K, committed 1600K, reserved 1048576K
}
Event: 8908.189 GC heap before
{Heap before GC invocations=197 (full 13):
 garbage-first heap   total 273408K, used 239375K [0x00000000c0000000, 0x0000000100000000)
  region size 1024K, 158 young (161792K), 1 survivors (1024K)
 Metaspace       used 10316K, committed 10496K, reserved 1114112K
  class space    used 1501K, committed 1600K, reserved 1048576K
}
Event: 8908.191 GC heap after
{Heap after GC invocations=198 (full 13):
 garbage-first heap   total 273408K, used 78604K [0x00000000c0000000, 0x0000000100000000)
  region size 1024K, 1 young (1024K), 1 survivors (1024K)
 Metaspace       used 10316K, committed 10496K, reserved 1114112K
  class space    used 1501K, committed 1600K, reserved 1048576K
}
Event: 8908.541 GC heap before
{Heap before GC invocations=198 (full 13):
 garbage-first heap   total 273408K, used 239372K [0x00000000c0000000, 0x0000000100000000)
  region size 1024K, 158 young (161792K), 1 survivors (1024K)
 Metaspace       used 10316K, committed 10496K, reserved 1114112K
  class space    used 1501K, committed 1600K, reserved 1048576K
}
Event: 8908.542 GC heap after
{Heap after GC invocations=199 (full 13):
 garbage-first heap   total 273408K, used 78629K [0x00000000c0000000, 0x0000000100000000)
  region size 1024K, 1 young (1024K), 1 survivors (1024K)
 Metaspace       used 10316K, committed 10496K, reserved 1114112K
  class space    used 1501K, committed 1600K, reserved 1048576K
}

