# JRE version: OpenJDK Runtime Environment (11.0.9.1) (build 11.0.9.1-internal+0-adhoc..src)
# Java VM: OpenJDK 64-Bit Server VM (11.0.9.1-internal+0-adhoc..src, mixed mode, tiered, compressed oops, g1 gc, linux-amd64)
Heap:
 garbage-first heap   total 266240K, used 80045K [0x00000000c0000000, 0x0000000100000000)
  region size 1024K, 2 young (2048K), 0 survivors (0K)
 Metaspace       used 17351K, capacity 17877K, committed 18176K, reserved 1064960K
  class space    used 2262K, capacity 2472K, committed 2560K, reserved 1048576K
GC Heap History (20 events):
Event: 39.277 GC heap before
{Heap before GC invocations=259 (full 5):
 garbage-first heap   total 270336K, used 237887K [0x00000000c0000000, 0x0000000100000000)
  region size 1024K, 156 young (159744K), 1 survivors (1024K)
 Metaspace       used 17347K, capacity 17877K, committed 18176K, reserved 1064960K
  class space    used 2261K, capacity 2472K, committed 2560K, reserved 1048576K
}
Event: 39.277 GC heap after
{Heap after GC invocations=260 (full 5):
 garbage-first heap   total 270336K, used 79203K [0x00000000c0000000, 0x0000000100000000)
  region size 1024K, 1 young (1024K), 1 survivors (1024K)
 Metaspace       used 17347K, capacity 17877K, committed 18176K, reserved 1064960K
  class space    used 2261K, capacity 2472K, committed 2560K, reserved 1048576K
}
Event: 39.411 GC heap before
{Heap before GC invocations=260 (full 5):
 garbage-first heap   total 270336K, used 237923K [0x00000000c0000000, 0x0000000100000000)
  region size 1024K, 156 young (159744K), 1 survivors (1024K)
 Metaspace       used 17347K, capacity 17877K, committed 18176K, reserved 1064960K
  class space    used 2261K, capacity 2472K, committed 2560K, reserved 1048576K
}
Event: 39.411 GC heap after
{Heap after GC invocations=261 (full 5):
 garbage-first heap   total 270336K, used 79182K [0x00000000c0000000, 0x0000000100000000)
  region size 1024K, 1 young (1024K), 1 survivors (1024K)
 Metaspace       used 17347K, capacity 17877K, committed 18176K, reserved 1064960K
  class space    used 2261K, capacity 2472K, committed 2560K, reserved 1048576K
}
Event: 39.550 GC heap before
{Heap before GC invocations=261 (full 5):
 garbage-first heap   total 270336K, used 237902K [0x00000000c0000000, 0x0000000100000000)
  region size 1024K, 156 young (159744K), 1 survivors (1024K)
 Metaspace       used 17347K, capacity 17877K, committed 18176K, reserved 1064960K
  class space    used 2261K, capacity 2472K, committed 2560K, reserved 1048576K
}
Event: 39.550 GC heap after
{Heap after GC invocations=262 (full 5):
 garbage-first heap   total 270336K, used 79168K [0x00000000c0000000, 0x0000000100000000)
  region size 1024K, 1 young (1024K), 1 survivors (1024K)
 Metaspace       used 17347K, capacity 17877K, committed 18176K, reserved 1064960K
  class space    used 2261K, capacity 2472K, committed 2560K, reserved 1048576K
}
Event: 42.511 GC heap before
{Heap before GC invocations=262 (full 5):
 garbage-first heap   total 270336K, used 158016K [0x00000000c0000000, 0x0000000100000000)
  region size 1024K, 79 young (80896K), 1 survivors (1024K)
 Metaspace       used 17347K, capacity 17877K, committed 18176K, reserved 1064960K
  class space    used 2261K, capacity 2472K, committed 2560K, reserved 1048576K
}
Event: 42.533 GC heap after
{Heap after GC invocations=263 (full 6):
 garbage-first heap   total 270336K, used 79021K [0x00000000c0000000, 0x0000000100000000)
  region size 1024K, 0 young (0K), 0 survivors (0K)
 Metaspace       used 17347K, capacity 17877K, committed 18176K, reserved 1064960K
  class space    used 2261K, capacity 2472K, committed 2560K, reserved 1048576K
}
Event: 42.995 GC heap before
{Heap before GC invocations=263 (full 6):
 garbage-first heap   total 270336K, used 79021K [0x00000000c0000000, 0x0000000100000000)
  region size 1024K, 1 young (1024K), 0 survivors (0K)
 Metaspace       used 17349K, capacity 17877K, committed 18176K, reserved 1064960K
  class space    used 2261K, capacity 2472K, committed 2560K, reserved 1048576K
}
Event: 43.017 GC heap after
{Heap after GC invocations=264 (full 7):
 garbage-first heap   total 270336K, used 79021K [0x00000000c0000000, 0x0000000100000000)
  region size 1024K, 0 young (0K), 0 survivors (0K)
 Metaspace       used 17349K, capacity 17877K, committed 18176K, reserved 1064960K
  class space    used 2261K, capacity 2472K, committed 2560K, reserved 1048576K
}
Event: 43.774 GC heap before
{Heap before GC invocations=264 (full 7):
 garbage-first heap   total 270336K, used 79021K [0x00000000c0000000, 0x0000000100000000)
  region size 1024K, 1 young (1024K), 0 survivors (0K)
 Metaspace       used 17349K, capacity 17877K, committed 18176K, reserved 1064960K
  class space    used 2261K, capacity 2472K, committed 2560K, reserved 1048576K
}
Event: 43.796 GC heap after
{Heap after GC invocations=265 (full 8):
 garbage-first heap   total 270336K, used 79021K [0x00000000c0000000, 0x0000000100000000)
  region size 1024K, 0 young (0K), 0 survivors (0K)
 Metaspace       used 17349K, capacity 17877K, committed 18176K, reserved 1064960K
  class space    used 2261K, capacity 2472K, committed 2560K, reserved 1048576K
}
Event: 45.086 GC heap before
{Heap before GC invocations=265 (full 8):
 garbage-first heap   total 270336K, used 79021K [0x00000000c0000000, 0x0000000100000000)
  region size 1024K, 1 young (1024K), 0 survivors (0K)
 Metaspace       used 17349K, capacity 17877K, committed 18176K, reserved 1064960K
  class space    used 2261K, capacity 2472K, committed 2560K, reserved 1048576K
}
Event: 45.111 GC heap after
{Heap after GC invocations=266 (full 9):
 garbage-first heap   total 270336K, used 79021K [0x00000000c0000000, 0x0000000100000000)
  region size 1024K, 0 young (0K), 0 survivors (0K)
 Metaspace       used 17349K, capacity 17877K, committed 18176K, reserved 1064960K
  class space    used 2261K, capacity 2472K, committed 2560K, reserved 1048576K
}
Event: 46.041 GC heap before
{Heap before GC invocations=266 (full 9):
 garbage-first heap   total 270336K, used 79021K [0x00000000c0000000, 0x0000000100000000)
  region size 1024K, 1 young (1024K), 0 survivors (0K)
 Metaspace       used 17349K, capacity 17877K, committed 18176K, reserved 1064960K
  class space    used 2261K, capacity 2472K, committed 2560K, reserved 1048576K
}
Event: 46.064 GC heap after
{Heap after GC invocations=267 (full 10):
 garbage-first heap   total 270336K, used 79021K [0x00000000c0000000, 0x0000000100000000)
  region size 1024K, 0 young (0K), 0 survivors (0K)
 Metaspace       used 17349K, capacity 17877K, committed 18176K, reserved 1064960K
  class space    used 2261K, capacity 2472K, committed 2560K, reserved 1048576K
}
Event: 47.027 GC heap before
{Heap before GC invocations=267 (full 10):
 garbage-first heap   total 270336K, used 79021K [0x00000000c0000000, 0x0000000100000000)
  region size 1024K, 1 young (1024K), 0 survivors (0K)
 Metaspace       used 17349K, capacity 17877K, committed 18176K, reserved 1064960K
  class space    used 2261K, capacity 2472K, committed 2560K, reserved 1048576K
}
Event: 47.054 GC heap after
{Heap after GC invocations=268 (full 11):
 garbage-first heap   total 266240K, used 79021K [0x00000000c0000000, 0x0000000100000000)
  region size 1024K, 0 young (0K), 0 survivors (0K)
 Metaspace       used 17349K, capacity 17877K, committed 18176K, reserved 1064960K
  class space    used 2261K, capacity 2472K, committed 2560K, reserved 1048576K
}
Event: 359.750 GC heap before
{Heap before GC invocations=268 (full 11):
 garbage-first heap   total 266240K, used 79021K [0x00000000c0000000, 0x0000000100000000)
  region size 1024K, 1 young (1024K), 0 survivors (0K)
 Metaspace       used 17349K, capacity 17877K, committed 18176K, reserved 1064960K
  class space    used 2261K, capacity 2472K, committed 2560K, reserved 1048576K
}
Event: 359.786 GC heap after
{Heap after GC invocations=269 (full 12):
 garbage-first heap   total 266240K, used 79021K [0x00000000c0000000, 0x0000000100000000)
  region size 1024K, 0 young (0K), 0 survivors (0K)
 Metaspace       used 17349K, capacity 17877K, committed 18176K, reserved 1064960K
  class space    used 2261K, capacity 2472K, committed 2560K, reserved 1048576K
}

